c:\users\elitk\desktop\customvrad\source\utils\vrad_launcher\debug\vrad.pch
c:\users\elitk\desktop\customvrad\source\utils\vrad_launcher\debug\vc120.pdb
c:\users\elitk\desktop\customvrad\source\utils\vrad_launcher\debug\vc120.idb
c:\users\elitk\desktop\customvrad\source\utils\vrad_launcher\debug\stdafx.obj
c:\users\elitk\desktop\customvrad\source\utils\vrad_launcher\debug\vrad_launcher.obj
c:\users\elitk\desktop\customvrad\source\utils\vrad_launcher\debug\pointeroverride.obj
c:\users\elitk\desktop\customvrad\binaries\vrad.ilk
c:\users\elitk\desktop\customvrad\binaries\vrad.exe
c:\users\elitk\desktop\customvrad\source\utils\vrad_launcher\debug\vrad.pdb
c:\users\elitk\desktop\customvrad\binaries\vrad.lib
c:\users\elitk\desktop\customvrad\binaries\vrad.exp
c:\users\elitk\desktop\customvrad\source\..\binaries\vrad.pdb
c:\users\elitk\desktop\customvrad\source\..\binaries\vrad.exe
c:\users\elitk\desktop\customvrad\source\..\binaries\vrad.ilk
c:\users\elitk\desktop\customvrad\source\utils\vrad_launcher\debug\vrad_launcher.tlog\cl.command.1.tlog
c:\users\elitk\desktop\customvrad\source\utils\vrad_launcher\debug\vrad_launcher.tlog\cl.read.1.tlog
c:\users\elitk\desktop\customvrad\source\utils\vrad_launcher\debug\vrad_launcher.tlog\cl.write.1.tlog
c:\users\elitk\desktop\customvrad\source\utils\vrad_launcher\debug\vrad_launcher.tlog\custombuild.command.1.tlog
c:\users\elitk\desktop\customvrad\source\utils\vrad_launcher\debug\vrad_launcher.tlog\custombuild.read.1.tlog
c:\users\elitk\desktop\customvrad\source\utils\vrad_launcher\debug\vrad_launcher.tlog\custombuild.write.1.tlog
c:\users\elitk\desktop\customvrad\source\utils\vrad_launcher\debug\vrad_launcher.tlog\link.command.1.tlog
c:\users\elitk\desktop\customvrad\source\utils\vrad_launcher\debug\vrad_launcher.tlog\link.read.1.tlog
c:\users\elitk\desktop\customvrad\source\utils\vrad_launcher\debug\vrad_launcher.tlog\link.write.1.tlog
c:\users\elitk\desktop\customvrad\source\utils\vrad_launcher\debug\vrad_launcher.tlog\vrad_launcher.write.1u.tlog
