  bsptreedata.cpp
  disp_common.cpp
  disp_powerinfo.cpp
  disp_vrad.cpp
  imagepacker.cpp
  incremental.cpp
  leaf_ambient_lighting.cpp
  lightmap.cpp
  loadcmdline.cpp
  lumpfiles.cpp
  macro_texture.cpp
  mpi_stats.cpp
  mpivrad.cpp
  MySqlDatabase.cpp
  physdll.cpp
  radial.cpp
  samplehash.cpp
  trace.cpp
  utilmatlib.cpp
  vismat.cpp
  vmpi_tools_shared.cpp
  vrad.cpp
  vrad_dispcoll.cpp
  vraddetailprops.cpp
  vraddisps.cpp
  vraddll.cpp
  vradstaticprops.cpp
  zip_utils.cpp
  bsplib.cpp
  builddisp.cpp
  chunkfile.cpp
  cmdlib.cpp
  dispcoll_common.cpp
  map_shared.cpp
  polylib.cpp
  scriplib.cpp
  threads.cpp
  collisionutils.cpp
  filesystem_helpers.cpp
  scratchpad3d.cpp
  ScratchPadUtils.cpp
  vrad_dll.vcxproj -> C:\Users\elitk\Desktop\CustomVRAD\Source\..\Binaries\vrad_dll.dll
